{"/Users/subomi-makers/Documents/projects/tapNrun/spec/feature_spec.js":{"path":"/Users/subomi-makers/Documents/projects/tapNrun/spec/feature_spec.js","s":{"1":1,"2":1,"3":1,"4":1,"5":0},"b":{},"f":{"1":1,"2":1,"3":1},"fnMap":{"1":{"name":"(anonymous_1)","line":1,"loc":{"start":{"line":1,"column":20},"end":{"line":1,"column":31}}},"2":{"name":"(anonymous_2)","line":3,"loc":{"start":{"line":3,"column":24},"end":{"line":3,"column":35}}},"3":{"name":"(anonymous_3)","line":5,"loc":{"start":{"line":5,"column":30},"end":{"line":5,"column":41}}}},"statementMap":{"1":{"start":{"line":1,"column":0},"end":{"line":10,"column":2}},"2":{"start":{"line":3,"column":1},"end":{"line":9,"column":4}},"3":{"start":{"line":5,"column":4},"end":{"line":8,"column":6}},"4":{"start":{"line":6,"column":6},"end":{"line":6,"column":32}},"5":{"start":{"line":7,"column":6},"end":{"line":7,"column":72}}},"branchMap":{}}}